This is pdfTeX, Version 3.141592653-2.6-1.40.25 (MiKTeX 23.10) (preloaded format=pdflatex 2023.11.8)  7 DEC 2025 18:49
entering extended mode
 restricted \write18 enabled.
 %&-line parsing enabled.
**./segundaChagaDeCristo.tex
(segundaChagaDeCristo.tex
LaTeX2e <2023-06-01> patch level 1
L3 programming layer <2023-08-29>
(C:\Users\Utilizador\AppData\Local\Programs\MiKTeX\tex/latex/base\article.cls
Document Class: article 2023/05/17 v1.4n Standard LaTeX document class
(C:\Users\Utilizador\AppData\Local\Programs\MiKTeX\tex/latex/base\size10.clo
File: size10.clo 2023/05/17 v1.4n Standard LaTeX file (size option)
)
\c@part=\count185
\c@section=\count186
\c@subsection=\count187
\c@subsubsection=\count188
\c@paragraph=\count189
\c@subparagraph=\count190
\c@figure=\count191
\c@table=\count192
\abovecaptionskip=\skip48
\belowcaptionskip=\skip49
\bibindent=\dimen140
)
(C:\Users\Utilizador\AppData\Local\Programs\MiKTeX\tex/latex/booktabs\booktabs.
sty
Package: booktabs 2020/01/12 v1.61803398 Publication quality tables
\heavyrulewidth=\dimen141
\lightrulewidth=\dimen142
\cmidrulewidth=\dimen143
\belowrulesep=\dimen144
\belowbottomsep=\dimen145
\aboverulesep=\dimen146
\abovetopsep=\dimen147
\cmidrulesep=\dimen148
\cmidrulekern=\dimen149
\defaultaddspace=\dimen150
\@cmidla=\count193
\@cmidlb=\count194
\@aboverulesep=\dimen151
\@belowrulesep=\dimen152
\@thisruleclass=\count195
\@lastruleclass=\count196
\@thisrulewidth=\dimen153
)
(C:\Users\Utilizador\AppData\Local\Programs\MiKTeX\tex/latex/siunitx\siunitx.st
y
Package: siunitx 2023-10-07 v3.3.7 A comprehensive (SI) units package
\l__siunitx_number_uncert_offset_int=\count197
\l__siunitx_number_exponent_fixed_int=\count198
\l__siunitx_number_min_decimal_int=\count199
\l__siunitx_number_min_integer_int=\count266
\l__siunitx_number_round_precision_int=\count267
\l__siunitx_number_lower_threshold_int=\count268
\l__siunitx_number_upper_threshold_int=\count269
\l__siunitx_number_group_first_int=\count270
\l__siunitx_number_group_size_int=\count271
\l__siunitx_number_group_minimum_int=\count272
\l__siunitx_angle_tmp_dim=\dimen154
\l__siunitx_angle_marker_box=\box51
\l__siunitx_angle_unit_box=\box52
\l__siunitx_compound_count_int=\count273

(C:\Users\Utilizador\AppData\Local\Programs\MiKTeX\tex/latex/translations\trans
lations.sty
Package: translations 2022/02/05 v1.12 internationalization of LaTeX2e packages
 (CN)

(C:\Users\Utilizador\AppData\Local\Programs\MiKTeX\tex/latex/etoolbox\etoolbox.
sty
Package: etoolbox 2020/10/05 v2.5k e-TeX tools for LaTeX (JAW)
\etb@tempcnta=\count274
)
(C:\Users\Utilizador\AppData\Local\Programs\MiKTeX\tex/generic/pdftexcmds\pdfte
xcmds.sty
Package: pdftexcmds 2020-06-27 v0.33 Utility functions of pdfTeX for LuaTeX (HO
)

(C:\Users\Utilizador\AppData\Local\Programs\MiKTeX\tex/generic/infwarerr\infwar
err.sty
Package: infwarerr 2019/12/03 v1.5 Providing info/warning/error messages (HO)
)
(C:\Users\Utilizador\AppData\Local\Programs\MiKTeX\tex/generic/iftex\iftex.sty
Package: iftex 2022/02/03 v1.0f TeX engine tests
)
(C:\Users\Utilizador\AppData\Local\Programs\MiKTeX\tex/generic/ltxcmds\ltxcmds.
sty
Package: ltxcmds 2020-05-10 v1.25 LaTeX kernel commands for general use (HO)
)
Package pdftexcmds Info: \pdf@primitive is available.
Package pdftexcmds Info: \pdf@ifprimitive is available.
Package pdftexcmds Info: \pdfdraftmode found.
))
(C:\Users\Utilizador\AppData\Local\Programs\MiKTeX\tex/latex/amsmath\amstext.st
y
Package: amstext 2021/08/26 v2.01 AMS text

(C:\Users\Utilizador\AppData\Local\Programs\MiKTeX\tex/latex/amsmath\amsgen.sty
File: amsgen.sty 1999/11/30 v2.0 generic functions
\@emptytoks=\toks17
\ex@=\dimen155
))
\l__siunitx_table_tmp_box=\box53
\l__siunitx_table_tmp_dim=\dimen156
\l__siunitx_table_column_width_dim=\dimen157
\l__siunitx_table_integer_box=\box54
\l__siunitx_table_decimal_box=\box55
\l__siunitx_table_uncert_box=\box56
\l__siunitx_table_before_box=\box57
\l__siunitx_table_after_box=\box58
\l__siunitx_table_before_dim=\dimen158
\l__siunitx_table_carry_dim=\dimen159
\l__siunitx_unit_tmp_int=\count275
\l__siunitx_unit_position_int=\count276
\l__siunitx_unit_total_int=\count277
 (C:\Users\Utilizador\AppData\Local\Programs\MiKTeX\tex/latex/tools\array.sty
Package: array 2022/09/04 v2.5g Tabular extension package (FMi)
\col@sep=\dimen160
\ar@mcellbox=\box59
\extrarowheight=\dimen161
\NC@list=\toks18
\extratabsurround=\skip50
\backup@length=\skip51
\ar@cellbox=\box60
))
(C:\Users\Utilizador\AppData\Local\Programs\MiKTeX\tex/generic/babel\babel.sty
Package: babel 2023/09/29 v3.95 The Babel package
\babel@savecnt=\count278
\U@D=\dimen162
\l@unhyphenated=\language79

(C:\Users\Utilizador\AppData\Local\Programs\MiKTeX\tex/generic/babel\txtbabel.d
ef)
\bbl@readstream=\read2
\bbl@dirlevel=\count279

*************************************
* Local config file bblopts.cfg used
*
(C:\Users\Utilizador\AppData\Local\Programs\MiKTeX\tex/latex/arabi\bblopts.cfg
File: bblopts.cfg 2005/09/08 v0.1 add Arabic and Farsi to "declared" options of
 babel
)
(C:\Users\Utilizador\AppData\Local\Programs\MiKTeX\tex/latex/babel-portuges\por
tuguese.ldf
Language: portuges 2021/07/09 v1.2t Portuguese support from the babel system
Package babel Info: Making " an active character on input line 143.
))
(C:\Users\Utilizador\AppData\Local\Programs\MiKTeX\tex/generic/babel/locale/pt\
babel-portuguese.tex
Package babel Info: Importing font and identification data for portuguese
(babel)             from babel-pt.ini. Reported on input line 11.
)
(C:\Users\Utilizador\AppData\Local\Programs\MiKTeX\tex/latex/graphics\graphicx.
sty
Package: graphicx 2021/09/16 v1.2d Enhanced LaTeX Graphics (DPC,SPQR)

(C:\Users\Utilizador\AppData\Local\Programs\MiKTeX\tex/latex/graphics\keyval.st
y
Package: keyval 2022/05/29 v1.15 key=value parser (DPC)
\KV@toks@=\toks19
)
(C:\Users\Utilizador\AppData\Local\Programs\MiKTeX\tex/latex/graphics\graphics.
sty
Package: graphics 2022/03/10 v1.4e Standard LaTeX Graphics (DPC,SPQR)

(C:\Users\Utilizador\AppData\Local\Programs\MiKTeX\tex/latex/graphics\trig.sty
Package: trig 2021/08/11 v1.11 sin cos tan (DPC)
)
(C:\Users\Utilizador\AppData\Local\Programs\MiKTeX\tex/latex/graphics-cfg\graph
ics.cfg
File: graphics.cfg 2016/06/04 v1.11 sample graphics configuration
)
Package graphics Info: Driver file: pdftex.def on input line 107.

(C:\Users\Utilizador\AppData\Local\Programs\MiKTeX\tex/latex/graphics-def\pdfte
x.def
File: pdftex.def 2022/09/22 v1.2b Graphics/color driver for pdftex
))
\Gin@req@height=\dimen163
\Gin@req@width=\dimen164
)
(C:\Users\Utilizador\AppData\Local\Programs\MiKTeX\tex/latex/float\float.sty
Package: float 2001/11/08 v1.3d Float enhancements (AL)
\c@float@type=\count280
\float@exts=\toks20
\float@box=\box61
\@float@everytoks=\toks21
\@floatcapt=\box62
)
(C:\Users\Utilizador\AppData\Local\Programs\MiKTeX\tex/latex/caption\caption.st
y
Package: caption 2023/08/05 v3.6o Customizing captions (AR)

(C:\Users\Utilizador\AppData\Local\Programs\MiKTeX\tex/latex/caption\caption3.s
ty
Package: caption3 2023/07/31 v2.4d caption3 kernel (AR)
\caption@tempdima=\dimen165
\captionmargin=\dimen166
\caption@leftmargin=\dimen167
\caption@rightmargin=\dimen168
\caption@width=\dimen169
\caption@indent=\dimen170
\caption@parindent=\dimen171
\caption@hangindent=\dimen172
Package caption Info: Standard document class detected.
)
\c@caption@flags=\count281
\c@continuedfloat=\count282
Package caption Info: float package is loaded.
)
(C:\Users\Utilizador\AppData\Local\Programs\MiKTeX\tex/latex/caption\subcaption
.sty
Package: subcaption 2023/07/28 v1.6b Sub-captions (AR)
Package caption Info: New subtype `subfigure' on input line 238.
\c@subfigure=\count283
Package caption Info: New subtype `subtable' on input line 238.
\c@subtable=\count284
)
(C:\Users\Utilizador\AppData\Local\Programs\MiKTeX\tex/latex/amsmath\amsmath.st
y
Package: amsmath 2023/05/13 v2.17o AMS math features
\@mathmargin=\skip52

For additional information on amsmath, use the `?' option.

(C:\Users\Utilizador\AppData\Local\Programs\MiKTeX\tex/latex/amsmath\amsbsy.sty
Package: amsbsy 1999/11/29 v1.2d Bold Symbols
\pmbraise@=\dimen173
)
(C:\Users\Utilizador\AppData\Local\Programs\MiKTeX\tex/latex/amsmath\amsopn.sty
Package: amsopn 2022/04/08 v2.04 operator names
)
\inf@bad=\count285
LaTeX Info: Redefining \frac on input line 234.
\uproot@=\count286
\leftroot@=\count287
LaTeX Info: Redefining \overline on input line 399.
LaTeX Info: Redefining \colon on input line 410.
\classnum@=\count288
\DOTSCASE@=\count289
LaTeX Info: Redefining \ldots on input line 496.
LaTeX Info: Redefining \dots on input line 499.
LaTeX Info: Redefining \cdots on input line 620.
\Mathstrutbox@=\box63
\strutbox@=\box64
LaTeX Info: Redefining \big on input line 722.
LaTeX Info: Redefining \Big on input line 723.
LaTeX Info: Redefining \bigg on input line 724.
LaTeX Info: Redefining \Bigg on input line 725.
\big@size=\dimen174
LaTeX Font Info:    Redeclaring font encoding OML on input line 743.
LaTeX Font Info:    Redeclaring font encoding OMS on input line 744.
\macc@depth=\count290
LaTeX Info: Redefining \bmod on input line 905.
LaTeX Info: Redefining \pmod on input line 910.
LaTeX Info: Redefining \smash on input line 940.
LaTeX Info: Redefining \relbar on input line 970.
LaTeX Info: Redefining \Relbar on input line 971.
\c@MaxMatrixCols=\count291
\dotsspace@=\muskip16
\c@parentequation=\count292
\dspbrk@lvl=\count293
\tag@help=\toks22
\row@=\count294
\column@=\count295
\maxfields@=\count296
\andhelp@=\toks23
\eqnshift@=\dimen175
\alignsep@=\dimen176
\tagshift@=\dimen177
\tagwidth@=\dimen178
\totwidth@=\dimen179
\lineht@=\dimen180
\@envbody=\toks24
\multlinegap=\skip53
\multlinetaggap=\skip54
\mathdisplay@stack=\toks25
LaTeX Info: Redefining \[ on input line 2953.
LaTeX Info: Redefining \] on input line 2954.
) (C:\Users\Utilizador\AppData\Local\Programs\MiKTeX\tex/latex/url\url.sty
\Urlmuskip=\muskip17
Package: url 2013/09/16  ver 3.4  Verb mode for urls, etc.
)
(C:\Users\Utilizador\AppData\Local\Programs\MiKTeX\tex/latex/xcolor\xcolor.sty
Package: xcolor 2022/06/12 v2.14 LaTeX color extensions (UK)

(C:\Users\Utilizador\AppData\Local\Programs\MiKTeX\tex/latex/graphics-cfg\color
.cfg
File: color.cfg 2016/01/02 v1.6 sample color configuration
)
Package xcolor Info: Driver file: pdftex.def on input line 227.

(C:\Users\Utilizador\AppData\Local\Programs\MiKTeX\tex/latex/graphics\mathcolor
.ltx)
Package xcolor Info: Model `cmy' substituted by `cmy0' on input line 1353.
Package xcolor Info: Model `hsb' substituted by `rgb' on input line 1357.
Package xcolor Info: Model `RGB' extended on input line 1369.
Package xcolor Info: Model `HTML' substituted by `rgb' on input line 1371.
Package xcolor Info: Model `Hsb' substituted by `hsb' on input line 1372.
Package xcolor Info: Model `tHsb' substituted by `hsb' on input line 1373.
Package xcolor Info: Model `HSB' substituted by `hsb' on input line 1374.
Package xcolor Info: Model `Gray' substituted by `gray' on input line 1375.
Package xcolor Info: Model `wave' substituted by `hsb' on input line 1376.
)
(C:\Users\Utilizador\AppData\Local\Programs\MiKTeX\tex/latex/pdfpages\pdfpages.
sty
Package: pdfpages 2025/07/23 v0.6g Insert pages of external PDF documents (AM)

(C:\Users\Utilizador\AppData\Local\Programs\MiKTeX\tex/latex/base\ifthen.sty
Package: ifthen 2022/04/13 v1.1d Standard LaTeX ifthen package (DPC)
)
(C:\Users\Utilizador\AppData\Local\Programs\MiKTeX\tex/latex/tools\calc.sty
Package: calc 2017/05/25 v4.3 Infix arithmetic (KKT,FJ)
\calc@Acount=\count297
\calc@Bcount=\count298
\calc@Adimen=\dimen181
\calc@Bdimen=\dimen182
\calc@Askip=\skip55
\calc@Bskip=\skip56
LaTeX Info: Redefining \setlength on input line 80.
LaTeX Info: Redefining \addtolength on input line 81.
\calc@Ccount=\count299
\calc@Cskip=\skip57
)
(C:\Users\Utilizador\AppData\Local\Programs\MiKTeX\tex/latex/eso-pic\eso-pic.st
y
Package: eso-pic 2023/05/03 v3.0c eso-pic (RN)
\ESO@tempdima=\dimen183
\ESO@tempdimb=\dimen184
)
\AM@pagewidth=\dimen185
\AM@pageheight=\dimen186
\AM@fboxrule=\dimen187

(C:\Users\Utilizador\AppData\Local\Programs\MiKTeX\tex/latex/pdfpages\pppdftex.
def
File: pppdftex.def 2025/07/23 v0.6g Pdfpages driver for pdfTeX (AM)
)
\pdfpages@includegraphics@status=\count300
\AM@pagebox=\box65
\AM@global@opts=\toks26
\AM@pagecnt=\count301
\AM@toc@title=\toks27
\AM@lof@heading=\toks28
\c@AM@survey=\count302
\AM@templatesizebox=\box66
)
(C:\Users\Utilizador\AppData\Local\Programs\MiKTeX\tex/latex/wrapfig\wrapfig.st
y
\wrapoverhang=\dimen188
\WF@size=\dimen189
\c@WF@wrappedlines=\count303
\WF@box=\box67
\WF@everypar=\toks29
Package: wrapfig 2003/01/31  v 3.6
)
(C:\Users\Utilizador\AppData\Local\Programs\MiKTeX\tex/latex/diagbox\diagbox.st
y
Package: diagbox 2020/02/09 v2.3 Making table heads with diagonal lines

(C:\Users\Utilizador\AppData\Local\Programs\MiKTeX\tex/latex/pict2e\pict2e.sty
Package: pict2e 2020/09/30 v0.4b Improved picture commands (HjG,RN,JT)

(C:\Users\Utilizador\AppData\Local\Programs\MiKTeX\tex/latex/pict2e\pict2e.cfg
File: pict2e.cfg 2016/02/05 v0.1u pict2e configuration for teTeX/TeXLive
)
Package pict2e Info: Driver file: pdftex.def on input line 112.
Package pict2e Info: Driver file for pict2e: p2e-pdftex.def on input line 114.

(C:\Users\Utilizador\AppData\Local\Programs\MiKTeX\tex/latex/pict2e\p2e-pdftex.
def
File: p2e-pdftex.def 2016/02/05 v0.1u Driver-dependant file (RN,HjG,JT)
)
\pIIe@GRAPH=\toks30
\@arclen=\dimen190
\@arcrad=\dimen191
\pIIe@tempdima=\dimen192
\pIIe@tempdimb=\dimen193
\pIIe@tempdimc=\dimen194
\pIIe@tempdimd=\dimen195
\pIIe@tempdime=\dimen196
\pIIe@tempdimf=\dimen197
)
\diagbox@boxa=\box68
\diagbox@boxb=\box69
\diagbox@boxm=\box70
\diagbox@wd=\dimen198
\diagbox@ht=\dimen199
\diagbox@insepl=\dimen256
\diagbox@insepr=\dimen257
\diagbox@outsepl=\dimen258
\diagbox@outsepr=\dimen259
)
(C:\Users\Utilizador\AppData\Local\Programs\MiKTeX\tex/latex/enumitem\enumitem.
sty
Package: enumitem 2019/06/20 v3.9 Customized lists
\labelindent=\skip58
\enit@outerparindent=\dimen260
\enit@toks=\toks31
\enit@inbox=\box71
\enit@count@id=\count304
\enitdp@description=\count305
)
(C:\Users\Utilizador\AppData\Local\Programs\MiKTeX\tex/latex/hyperref\hyperref.
sty
Package: hyperref 2023-07-08 v7.01b Hypertext links for LaTeX

(C:\Users\Utilizador\AppData\Local\Programs\MiKTeX\tex/latex/kvsetkeys\kvsetkey
s.sty
Package: kvsetkeys 2022-10-05 v1.19 Key value parser (HO)
)
(C:\Users\Utilizador\AppData\Local\Programs\MiKTeX\tex/generic/kvdefinekeys\kvd
efinekeys.sty
Package: kvdefinekeys 2019-12-19 v1.6 Define keys (HO)
)
(C:\Users\Utilizador\AppData\Local\Programs\MiKTeX\tex/generic/pdfescape\pdfesc
ape.sty
Package: pdfescape 2019/12/09 v1.15 Implements pdfTeX's escape features (HO)
)
(C:\Users\Utilizador\AppData\Local\Programs\MiKTeX\tex/latex/hycolor\hycolor.st
y
Package: hycolor 2020-01-27 v1.10 Color options for hyperref/bookmark (HO)
)
(C:\Users\Utilizador\AppData\Local\Programs\MiKTeX\tex/latex/letltxmacro\letltx
macro.sty
Package: letltxmacro 2019/12/03 v1.6 Let assignment for LaTeX macros (HO)
)
(C:\Users\Utilizador\AppData\Local\Programs\MiKTeX\tex/latex/auxhook\auxhook.st
y
Package: auxhook 2019-12-17 v1.6 Hooks for auxiliary files (HO)
)
(C:\Users\Utilizador\AppData\Local\Programs\MiKTeX\tex/latex/hyperref\nameref.s
ty
Package: nameref 2023-08-07 v2.53 Cross-referencing by name of section

(C:\Users\Utilizador\AppData\Local\Programs\MiKTeX\tex/latex/refcount\refcount.
sty
Package: refcount 2019/12/15 v3.6 Data extraction from label references (HO)
)
(C:\Users\Utilizador\AppData\Local\Programs\MiKTeX\tex/generic/gettitlestring\g
ettitlestring.sty
Package: gettitlestring 2019/12/15 v1.6 Cleanup title references (HO)

(C:\Users\Utilizador\AppData\Local\Programs\MiKTeX\tex/latex/kvoptions\kvoption
s.sty
Package: kvoptions 2022-06-15 v3.15 Key value format for package options (HO)
))
\c@section@level=\count306
)
\@linkdim=\dimen261
\Hy@linkcounter=\count307
\Hy@pagecounter=\count308

(C:\Users\Utilizador\AppData\Local\Programs\MiKTeX\tex/latex/hyperref\pd1enc.de
f
File: pd1enc.def 2023-07-08 v7.01b Hyperref: PDFDocEncoding definition (HO)
Now handling font encoding PD1 ...
... no UTF-8 mapping file for font encoding PD1
)
(C:\Users\Utilizador\AppData\Local\Programs\MiKTeX\tex/generic/intcalc\intcalc.
sty
Package: intcalc 2019/12/15 v1.3 Expandable calculations with integers (HO)
)
\Hy@SavedSpaceFactor=\count309

(C:\Users\Utilizador\AppData\Local\Programs\MiKTeX\tex/latex/hyperref\puenc.def
File: puenc.def 2023-07-08 v7.01b Hyperref: PDF Unicode definition (HO)
Now handling font encoding PU ...
... no UTF-8 mapping file for font encoding PU
)
Package hyperref Info: Option `colorlinks' set `true' on input line 4050.
Package hyperref Info: Hyper figures OFF on input line 4167.
Package hyperref Info: Link nesting OFF on input line 4172.
Package hyperref Info: Hyper index ON on input line 4175.
Package hyperref Info: Plain pages OFF on input line 4182.
Package hyperref Info: Backreferencing OFF on input line 4187.
Package hyperref Info: Implicit mode ON; LaTeX internals redefined.
Package hyperref Info: Bookmarks ON on input line 4434.
\c@Hy@tempcnt=\count310
LaTeX Info: Redefining \url on input line 4772.
\XeTeXLinkMargin=\dimen262

(C:\Users\Utilizador\AppData\Local\Programs\MiKTeX\tex/generic/bitset\bitset.st
y
Package: bitset 2019/12/09 v1.3 Handle bit-vector datatype (HO)

(C:\Users\Utilizador\AppData\Local\Programs\MiKTeX\tex/generic/bigintcalc\bigin
tcalc.sty
Package: bigintcalc 2019/12/15 v1.5 Expandable calculations on big integers (HO
)
))
\Fld@menulength=\count311
\Field@Width=\dimen263
\Fld@charsize=\dimen264
Package hyperref Info: Hyper figures OFF on input line 6051.
Package hyperref Info: Link nesting OFF on input line 6056.
Package hyperref Info: Hyper index ON on input line 6059.
Package hyperref Info: backreferencing OFF on input line 6066.
Package hyperref Info: Link coloring ON on input line 6069.
Package hyperref Info: Link coloring with OCG OFF on input line 6076.
Package hyperref Info: PDF/A mode OFF on input line 6081.

(C:\Users\Utilizador\AppData\Local\Programs\MiKTeX\tex/latex/base\atbegshi-ltx.
sty
Package: atbegshi-ltx 2021/01/10 v1.0c Emulation of the original atbegshi
package with kernel methods
)
\Hy@abspage=\count312
\c@Item=\count313
\c@Hfootnote=\count314
)
Package hyperref Info: Driver (autodetected): hpdftex.

(C:\Users\Utilizador\AppData\Local\Programs\MiKTeX\tex/latex/hyperref\hpdftex.d
ef
File: hpdftex.def 2023-07-08 v7.01b Hyperref driver for pdfTeX

(C:\Users\Utilizador\AppData\Local\Programs\MiKTeX\tex/latex/base\atveryend-ltx
.sty
Package: atveryend-ltx 2020/08/19 v1.0a Emulation of the original atveryend pac
kage
with kernel methods
)
\Fld@listcount=\count315
\c@bookmark@seq@number=\count316

(C:\Users\Utilizador\AppData\Local\Programs\MiKTeX\tex/latex/rerunfilecheck\rer
unfilecheck.sty
Package: rerunfilecheck 2022-07-10 v1.10 Rerun checks for auxiliary files (HO)

(C:\Users\Utilizador\AppData\Local\Programs\MiKTeX\tex/generic/uniquecounter\un
iquecounter.sty
Package: uniquecounter 2019/12/15 v1.4 Provide unlimited unique counter (HO)
)
Package uniquecounter Info: New unique counter `rerunfilecheck' on input line 2
85.
)
\Hy@SectionHShift=\skip59
)
(C:\Users\Utilizador\AppData\Local\Programs\MiKTeX\tex/latex/geometry\geometry.
sty
Package: geometry 2020/01/02 v5.9 Page Geometry

(C:\Users\Utilizador\AppData\Local\Programs\MiKTeX\tex/generic/iftex\ifvtex.sty
Package: ifvtex 2019/10/25 v1.7 ifvtex legacy package. Use iftex instead.
)
\Gm@cnth=\count317
\Gm@cntv=\count318
\c@Gm@tempcnt=\count319
\Gm@bindingoffset=\dimen265
\Gm@wd@mp=\dimen266
\Gm@odd@mp=\dimen267
\Gm@even@mp=\dimen268
\Gm@layoutwidth=\dimen269
\Gm@layoutheight=\dimen270
\Gm@layouthoffset=\dimen271
\Gm@layoutvoffset=\dimen272
\Gm@dimlist=\toks32

(C:\Users\Utilizador\AppData\Local\Programs\MiKTeX\tex/latex/geometry\geometry.
cfg))
(C:\Users\Utilizador\AppData\Local\Programs\MiKTeX\tex/latex/l3backend\l3backen
d-pdftex.def
File: l3backend-pdftex.def 2023-04-19 L3 backend support: PDF output (pdfTeX)
\l__color_backend_stack_int=\count320
\l__pdf_internal_box=\box72
) (segundaChagaDeCristo.aux)
\openout1 = `segundaChagaDeCristo.aux'.

LaTeX Font Info:    Checking defaults for OML/cmm/m/it on input line 31.
LaTeX Font Info:    ... okay on input line 31.
LaTeX Font Info:    Checking defaults for OMS/cmsy/m/n on input line 31.
LaTeX Font Info:    ... okay on input line 31.
LaTeX Font Info:    Checking defaults for OT1/cmr/m/n on input line 31.
LaTeX Font Info:    ... okay on input line 31.
LaTeX Font Info:    Checking defaults for T1/cmr/m/n on input line 31.
LaTeX Font Info:    ... okay on input line 31.
LaTeX Font Info:    Checking defaults for TS1/cmr/m/n on input line 31.
LaTeX Font Info:    ... okay on input line 31.
LaTeX Font Info:    Checking defaults for OMX/cmex/m/n on input line 31.
LaTeX Font Info:    ... okay on input line 31.
LaTeX Font Info:    Checking defaults for U/cmr/m/n on input line 31.
LaTeX Font Info:    ... okay on input line 31.
LaTeX Font Info:    Checking defaults for PD1/pdf/m/n on input line 31.
LaTeX Font Info:    ... okay on input line 31.
LaTeX Font Info:    Checking defaults for PU/pdf/m/n on input line 31.
LaTeX Font Info:    ... okay on input line 31.
Package translations Info: no dictionary file `translations-basic-dictionary-po
rtuges.trsl' found. on input line 31.

(C:\Users\Utilizador\AppData\Local\Programs\MiKTeX\tex/context/base/mkii\supp-p
df.mkii
[Loading MPS to PDF converter (version 2006.09.02).]
\scratchcounter=\count321
\scratchdimen=\dimen273
\scratchbox=\box73
\nofMPsegments=\count322
\nofMParguments=\count323
\everyMPshowfont=\toks33
\MPscratchCnt=\count324
\MPscratchDim=\dimen274
\MPnumerator=\count325
\makeMPintoPDFobject=\count326
\everyMPtoPDFconversion=\toks34
)
(C:\Users\Utilizador\AppData\Local\Programs\MiKTeX\tex/latex/epstopdf-pkg\epsto
pdf-base.sty
Package: epstopdf-base 2020-01-24 v2.11 Base part for package epstopdf
Package epstopdf-base Info: Redefining graphics rule for `.eps' on input line 4
85.

(C:\Users\Utilizador\AppData\Local\Programs\MiKTeX\tex/latex/00miktex\epstopdf-
sys.cfg
File: epstopdf-sys.cfg 2021/03/18 v2.0 Configuration of epstopdf for MiKTeX
))
Package caption Info: Begin \AtBeginDocument code.
Package caption Info: hyperref package is loaded.
Package caption Info: wrapfig package is loaded.
Package caption Info: End \AtBeginDocument code.

(C:\Users\Utilizador\AppData\Local\Programs\MiKTeX\tex/latex/pdflscape\pdflscap
e.sty
Package: pdflscape 2022-10-27 v0.13 Display of landscape pages in PDF

(C:\Users\Utilizador\AppData\Local\Programs\MiKTeX\tex/latex/pdflscape\pdflscap
e-nometadata.sty
Package: pdflscape-nometadata 2022-10-28 v0.13 Display of landscape pages in PD
F (HO)

(C:\Users\Utilizador\AppData\Local\Programs\MiKTeX\tex/latex/graphics\lscape.st
y
Package: lscape 2020/05/28 v3.02 Landscape Pages (DPC)
)
Package pdflscape Info: Auto-detected driver: pdftex on input line 81.
))
Package hyperref Info: Link coloring ON on input line 31.
 (segundaChagaDeCristo.out) (segundaChagaDeCristo.out)
\@outlinefile=\write3
\openout3 = `segundaChagaDeCristo.out'.


*geometry* driver: auto-detecting
*geometry* detected driver: pdftex
*geometry* verbose mode - [ preamble ] result:
* driver: pdftex
* paper: a4paper
* layout: <same size as paper>
* layoutoffset:(h,v)=(0.0pt,0.0pt)
* modes: 
* h-part:(L,W,R)=(72.26999pt, 452.9679pt, 72.26999pt)
* v-part:(T,H,B)=(72.26999pt, 700.50687pt, 72.26999pt)
* \paperwidth=597.50787pt
* \paperheight=845.04684pt
* \textwidth=452.9679pt
* \textheight=700.50687pt
* \oddsidemargin=0.0pt
* \evensidemargin=0.0pt
* \topmargin=-37.0pt
* \headheight=12.0pt
* \headsep=25.0pt
* \topskip=10.0pt
* \footskip=30.0pt
* \marginparwidth=4.0pt
* \marginparsep=10.0pt
* \columnsep=10.0pt
* \skip\footins=9.0pt plus 4.0pt minus 2.0pt
* \hoffset=0.0pt
* \voffset=0.0pt
* \mag=1000
* \@twocolumntrue
* \@twosidefalse
* \@mparswitchfalse
* \@reversemarginfalse
* (1in=72.27pt=25.4mm, 1cm=28.453pt)


Underfull \hbox (badness 10000) in paragraph at lines 49--50

 []


Underfull \hbox (badness 10000) in paragraph at lines 66--66
[][][]\OT1/cmr/m/n/8 Os va-lo-res fo-ram re-ti-ra-dos de [][]$\OT1/cmtt/m/n/8 h
ttps : / /
 []


Overfull \hbox (22.25243pt too wide) in paragraph at lines 70--81
 [][] 
 []


Underfull \hbox (badness 2662) in paragraph at lines 84--84
[][][]\OT1/cmr/bx/n/8 Estes va-lo-res s~ao in-di-ca-ti-vos\OT1/cmr/m/n/8 , de-p
en-dendo da
 []

[1{C:/Users/Utilizador/AppData/Local/MiKTeX/fonts/map/pdftex/pdftex.map}


]
Underfull \hbox (badness 4229) in paragraph at lines 105--107
\OT1/cmr/m/n/10 piezo-el^^Setrico con-siste na pro-pri-e-dade da in-
 []


Underfull \hbox (badness 1221) in paragraph at lines 105--107
\OT1/cmr/m/n/10 trans-du-tor piezo-el^^Setrico con-siste num ma-te-rial
 []


Underfull \hbox (badness 10000) in paragraph at lines 105--107

 []

<phyweMaterials.png, id=125, 840.13875pt x 566.115pt>
File: phyweMaterials.png Graphic file (type png)
<use phyweMaterials.png>
Package pdftex.def Info: phyweMaterials.png  used on input line 147.
(pdftex.def)             Requested size: 199.3342pt x 134.31549pt.

LaTeX Warning: `h' float specifier changed to `ht'.

[2]
<../../BscanPic/modeloImperfeicoes.jpg, id=152, 1003.75pt x 564.1075pt>
File: ../../BscanPic/modeloImperfeicoes.jpg Graphic file (type jpg)
<use ../../BscanPic/modeloImperfeicoes.jpg>
Package pdftex.def Info: ../../BscanPic/modeloImperfeicoes.jpg  used on input l
ine 170.
(pdftex.def)             Requested size: 221.48395pt x 124.47415pt.

Underfull \hbox (badness 1448) in paragraph at lines 186--189
\OT1/cmr/m/n/10 den-tes aos ci-lin-dros (fi-gu-ras [][]6[][] e [][]7[][]). A de
-
 []


Underfull \hbox (badness 2096) in paragraph at lines 186--189
\OT1/cmr/m/n/10 ter-mina^^Xc~ao dos pi-cos foi feita com a fun^^Xc~ao
 []

[3 <./phyweMaterials.png> <../../BscanPic/modeloImperfeicoes.jpg>]
Overfull \hbox (4.31029pt too wide) in paragraph at lines 192--203
 [][] 
 []

<../../grafs/AtenuF1.png, id=174, 462.528pt x 346.896pt>
File: ../../grafs/AtenuF1.png Graphic file (type png)
<use ../../grafs/AtenuF1.png>
Package pdftex.def Info: ../../grafs/AtenuF1.png  used on input line 226.
(pdftex.def)             Requested size: 221.48395pt x 166.11649pt.

LaTeX Warning: `h' float specifier changed to `ht'.

<../../grafs/AtenuF2.png, id=175, 462.528pt x 346.896pt>
File: ../../grafs/AtenuF2.png Graphic file (type png)
<use ../../grafs/AtenuF2.png>
Package pdftex.def Info: ../../grafs/AtenuF2.png  used on input line 235.
(pdftex.def)             Requested size: 221.48395pt x 166.11649pt.

LaTeX Warning: `h' float specifier changed to `ht'.

[4 <../../grafs/AtenuF1.png> <../../grafs/AtenuF2.png>]
Underfull \vbox (badness 10000) has occurred while \output is active []

 [5]
Underfull \vbox (badness 10000) has occurred while \output is active []

 [6]
<../../BscanPic/bscan.jpg, id=251, 1606.0pt x 1204.5pt>
File: ../../BscanPic/bscan.jpg Graphic file (type jpg)
<use ../../BscanPic/bscan.jpg>
Package pdftex.def Info: ../../BscanPic/bscan.jpg  used on input line 472.
(pdftex.def)             Requested size: 221.48395pt x 166.1109pt.

Underfull \hbox (badness 1354) in paragraph at lines 479--481
\OT1/cmr/m/n/10 Utilizando ci-lin-dros de acr^^S^^Plico com di-mens~oes
 []


Underfull \vbox (badness 1242) has occurred while \output is active []

 [7 <../../BscanPic/bscan.jpg>]
Underfull \hbox (badness 10000) in paragraph at lines 481--483

 []


Underfull \hbox (badness 1067) in paragraph at lines 484--486
\OT1/cmr/m/n/10 re-pre-sen-tado na fi-gura [][]2[][] re-sul-tou em me-di-das
 []


Underfull \hbox (badness 3635) in paragraph at lines 484--486
\OT1/cmr/m/n/10 Neste con-texto, demonstrou-se a im-port^ancia
 []


Underfull \hbox (badness 10000) in paragraph at lines 484--486

 []


Underfull \hbox (badness 10000) in paragraph at lines 493--494
[]\OT1/cmr/m/n/10 Valores de re-fer^encia: [][]$\OT1/cmtt/m/n/10 https : / /
 []


Underfull \hbox (badness 4846) in paragraph at lines 494--495
\OT1/cmr/m/n/10 ra-ture de-pen-dence of acous-tic pro-per-ties
 []


Underfull \hbox (badness 5064) in paragraph at lines 494--495
\OT1/cmr/m/n/10 of poly-mers used in pulse-echo sys-tems
 []


Underfull \hbox (badness 10000) in paragraph at lines 494--495
\OT1/cmr/m/n/10 (Mas-ter's the-sis, Upp-sala Uni-ver-sity).
 []


Underfull \hbox (badness 1803) in paragraph at lines 494--495
\OT1/cmr/m/n/10 Upp-sala Uni-ver-sity Pu-bli-ca-ti-ons. [][]$\OT1/cmtt/m/n/10 h
ttps :
 []


Underfull \hbox (badness 10000) in paragraph at lines 494--495
\OT1/cmtt/m/n/10 / / www . diva-[]portal . org / smash / get / diva2 :
 []

<../../grafs/CilF1.png, id=267, 433.62pt x 1156.32pt>
File: ../../grafs/CilF1.png Graphic file (type png)
<use ../../grafs/CilF1.png>
Package pdftex.def Info: ../../grafs/CilF1.png  used on input line 506.
(pdftex.def)             Requested size: 177.18782pt x 472.50632pt.
<../../grafs/CilF2.png, id=268, 433.62pt x 1156.32pt>
File: ../../grafs/CilF2.png Graphic file (type png)
<use ../../grafs/CilF2.png>
Package pdftex.def Info: ../../grafs/CilF2.png  used on input line 516.
(pdftex.def)             Requested size: 177.18782pt x 472.50632pt.

Underfull \vbox (badness 10000) has occurred while \output is active []

 [8 <../../grafs/CilF1.png>]

Package hyperref Warning: Token not allowed in a PDF string (Unicode):
(hyperref)                removing `math shift' on input line 522.


Package hyperref Warning: Token not allowed in a PDF string (Unicode):
(hyperref)                removing `math shift' on input line 522.

<../../grafs/Ay11.png, id=278, 462.528pt x 346.896pt>
File: ../../grafs/Ay11.png Graphic file (type png)
<use ../../grafs/Ay11.png>
Package pdftex.def Info: ../../grafs/Ay11.png  used on input line 539.
(pdftex.def)             Requested size: 221.48395pt x 166.11649pt.
<../../grafs/Ay21.png, id=279, 462.528pt x 346.896pt>
File: ../../grafs/Ay21.png Graphic file (type png)
<use ../../grafs/Ay21.png>
Package pdftex.def Info: ../../grafs/Ay21.png  used on input line 548.
(pdftex.def)             Requested size: 221.48395pt x 166.11649pt.
<../../grafs/By11.png, id=280, 462.528pt x 346.896pt>
File: ../../grafs/By11.png Graphic file (type png)
<use ../../grafs/By11.png>
Package pdftex.def Info: ../../grafs/By11.png  used on input line 557.
(pdftex.def)             Requested size: 221.48395pt x 166.11649pt.
<../../grafs/By21.png, id=281, 462.528pt x 346.896pt>
File: ../../grafs/By21.png Graphic file (type png)
<use ../../grafs/By21.png>
Package pdftex.def Info: ../../grafs/By21.png  used on input line 566.
(pdftex.def)             Requested size: 221.48395pt x 166.11649pt.
[9 <../../grafs/CilF2.png> <../../grafs/Ay11.png> <../../grafs/Ay21.png> <../..
/grafs/By11.png>]
<../../grafs/Cy11.png, id=293, 462.528pt x 346.896pt>
File: ../../grafs/Cy11.png Graphic file (type png)
<use ../../grafs/Cy11.png>
Package pdftex.def Info: ../../grafs/Cy11.png  used on input line 575.
(pdftex.def)             Requested size: 221.48395pt x 166.11649pt.
<../../grafs/Cy21.png, id=294, 462.528pt x 346.896pt>
File: ../../grafs/Cy21.png Graphic file (type png)
<use ../../grafs/Cy21.png>
Package pdftex.def Info: ../../grafs/Cy21.png  used on input line 584.
(pdftex.def)             Requested size: 221.48395pt x 166.11649pt.
<../../grafs/Ay12.png, id=295, 462.528pt x 346.896pt>
File: ../../grafs/Ay12.png Graphic file (type png)
<use ../../grafs/Ay12.png>
Package pdftex.def Info: ../../grafs/Ay12.png  used on input line 594.
(pdftex.def)             Requested size: 221.48395pt x 166.11649pt.

Underfull \vbox (badness 10000) has occurred while \output is active []

<../../grafs/Ay22.png, id=296, 462.528pt x 346.896pt>
File: ../../grafs/Ay22.png Graphic file (type png)
<use ../../grafs/Ay22.png>
Package pdftex.def Info: ../../grafs/Ay22.png  used on input line 603.
(pdftex.def)             Requested size: 221.48395pt x 166.11649pt.
<../../grafs/By12.png, id=297, 462.528pt x 346.896pt>
File: ../../grafs/By12.png Graphic file (type png)
<use ../../grafs/By12.png>
Package pdftex.def Info: ../../grafs/By12.png  used on input line 612.
(pdftex.def)             Requested size: 221.48395pt x 166.11649pt.
<../../grafs/By22.png, id=298, 462.528pt x 346.896pt>
File: ../../grafs/By22.png Graphic file (type png)
<use ../../grafs/By22.png>
Package pdftex.def Info: ../../grafs/By22.png  used on input line 621.
(pdftex.def)             Requested size: 221.48395pt x 166.11649pt.

Underfull \vbox (badness 10000) has occurred while \output is active []

 [10 <../../grafs/By21.png> <../../grafs/Cy11.png> <../../grafs/Cy21.png> <../.
./grafs/Ay12.png> <../../grafs/Ay22.png> <../../grafs/By12.png>]
<../../grafs/Cy12.png, id=315, 462.528pt x 346.896pt>
File: ../../grafs/Cy12.png Graphic file (type png)
<use ../../grafs/Cy12.png>
Package pdftex.def Info: ../../grafs/Cy12.png  used on input line 630.
(pdftex.def)             Requested size: 221.48395pt x 166.11649pt.
<../../grafs/Cy22.png, id=316, 462.528pt x 346.896pt>
File: ../../grafs/Cy22.png Graphic file (type png)
<use ../../grafs/Cy22.png>
Package pdftex.def Info: ../../grafs/Cy22.png  used on input line 639.
(pdftex.def)             Requested size: 221.48395pt x 166.11649pt.
<../../grafs/zoomC.png, id=317, 462.528pt x 346.896pt>
File: ../../grafs/zoomC.png Graphic file (type png)
<use ../../grafs/zoomC.png>
Package pdftex.def Info: ../../grafs/zoomC.png  used on input line 648.
(pdftex.def)             Requested size: 221.48395pt x 166.11649pt.

Underfull \vbox (badness 10000) has occurred while \output is active []

<../../grafs/zoomCC.png, id=318, 462.528pt x 346.896pt>
File: ../../grafs/zoomCC.png Graphic file (type png)
<use ../../grafs/zoomCC.png>
Package pdftex.def Info: ../../grafs/zoomCC.png  used on input line 657.
(pdftex.def)             Requested size: 221.48395pt x 166.11649pt.

Overfull \hbox (10.54268pt too wide) detected at line 669
[]
 []


Package hyperref Warning: Token not allowed in a PDF string (Unicode):
(hyperref)                removing `\\' on input line 671.


Package hyperref Warning: Token not allowed in a PDF string (Unicode):
(hyperref)                removing `math shift' on input line 671.


Package hyperref Warning: Token not allowed in a PDF string (Unicode):
(hyperref)                removing `superscript' on input line 671.


Package hyperref Warning: Token not allowed in a PDF string (Unicode):
(hyperref)                removing `\to' on input line 671.


Package hyperref Warning: Token not allowed in a PDF string (Unicode):
(hyperref)                removing `superscript' on input line 671.


Package hyperref Warning: Token not allowed in a PDF string (Unicode):
(hyperref)                removing `math shift' on input line 671.


Overfull \hbox (1.92932pt too wide) detected at line 682
[]
 []

[11 <../../grafs/By22.png> <../../grafs/Cy12.png> <../../grafs/Cy22.png> <../..
/grafs/zoomC.png> <../../grafs/zoomCC.png>] [12

]
<PL7_Ultrasons.pdf, id=337, 614.295pt x 794.97pt>
File: PL7_Ultrasons.pdf Graphic file (type pdf)
<use PL7_Ultrasons.pdf>
Package pdftex.def Info: PL7_Ultrasons.pdf  used on input line 688.
(pdftex.def)             Requested size: 614.29349pt x 794.96806pt.
<PL7_Ultrasons.pdf, id=339, page=1, 614.295pt x 794.97pt>
File: PL7_Ultrasons.pdf Graphic file (type pdf)
<use PL7_Ultrasons.pdf, page 1>
Package pdftex.def Info: PL7_Ultrasons.pdf , page1 used on input line 688.
(pdftex.def)             Requested size: 614.29349pt x 794.96806pt.
File: PL7_Ultrasons.pdf Graphic file (type pdf)
<use PL7_Ultrasons.pdf, page 1>
Package pdftex.def Info: PL7_Ultrasons.pdf , page1 used on input line 688.
(pdftex.def)             Requested size: 597.78697pt x 773.60669pt.
 [13

]
File: PL7_Ultrasons.pdf Graphic file (type pdf)
<use PL7_Ultrasons.pdf, page 1>
Package pdftex.def Info: PL7_Ultrasons.pdf , page1 used on input line 688.
(pdftex.def)             Requested size: 597.78697pt x 773.60669pt.
File: PL7_Ultrasons.pdf Graphic file (type pdf)
<use PL7_Ultrasons.pdf, page 1>
Package pdftex.def Info: PL7_Ultrasons.pdf , page1 used on input line 688.
(pdftex.def)             Requested size: 597.78697pt x 773.60669pt.
File: PL7_Ultrasons.pdf Graphic file (type pdf)
<use PL7_Ultrasons.pdf, page 1>
Package pdftex.def Info: PL7_Ultrasons.pdf , page1 used on input line 688.
(pdftex.def)             Requested size: 597.78697pt x 773.60669pt.
 [14

 <./PL7_Ultrasons.pdf>]
<PL7_Ultrasons.pdf, id=399, page=2, 614.295pt x 794.97pt>
File: PL7_Ultrasons.pdf Graphic file (type pdf)
<use PL7_Ultrasons.pdf, page 2>
Package pdftex.def Info: PL7_Ultrasons.pdf , page2 used on input line 688.
(pdftex.def)             Requested size: 597.78697pt x 773.60669pt.
File: PL7_Ultrasons.pdf Graphic file (type pdf)
<use PL7_Ultrasons.pdf, page 2>
Package pdftex.def Info: PL7_Ultrasons.pdf , page2 used on input line 688.
(pdftex.def)             Requested size: 597.78697pt x 773.60669pt.
File: PL7_Ultrasons.pdf Graphic file (type pdf)
<use PL7_Ultrasons.pdf, page 2>
Package pdftex.def Info: PL7_Ultrasons.pdf , page2 used on input line 688.
(pdftex.def)             Requested size: 597.78697pt x 773.60669pt.
 [15

 <./PL7_Ultrasons.pdf>]
<PL7_Ultrasons.pdf, id=411, page=3, 614.295pt x 794.97pt>
File: PL7_Ultrasons.pdf Graphic file (type pdf)
<use PL7_Ultrasons.pdf, page 3>
Package pdftex.def Info: PL7_Ultrasons.pdf , page3 used on input line 688.
(pdftex.def)             Requested size: 597.78697pt x 773.60669pt.
File: PL7_Ultrasons.pdf Graphic file (type pdf)
<use PL7_Ultrasons.pdf, page 3>
Package pdftex.def Info: PL7_Ultrasons.pdf , page3 used on input line 688.
(pdftex.def)             Requested size: 597.78697pt x 773.60669pt.
File: PL7_Ultrasons.pdf Graphic file (type pdf)
<use PL7_Ultrasons.pdf, page 3>
Package pdftex.def Info: PL7_Ultrasons.pdf , page3 used on input line 688.
(pdftex.def)             Requested size: 597.78697pt x 773.60669pt.
 [16

 <./PL7_Ultrasons.pdf>]
<PL7_Ultrasons.pdf, id=416, page=4, 614.295pt x 794.97pt>
File: PL7_Ultrasons.pdf Graphic file (type pdf)
<use PL7_Ultrasons.pdf, page 4>
Package pdftex.def Info: PL7_Ultrasons.pdf , page4 used on input line 688.
(pdftex.def)             Requested size: 597.78697pt x 773.60669pt.
File: PL7_Ultrasons.pdf Graphic file (type pdf)
<use PL7_Ultrasons.pdf, page 4>
Package pdftex.def Info: PL7_Ultrasons.pdf , page4 used on input line 688.
(pdftex.def)             Requested size: 597.78697pt x 773.60669pt.
File: PL7_Ultrasons.pdf Graphic file (type pdf)
<use PL7_Ultrasons.pdf, page 4>
Package pdftex.def Info: PL7_Ultrasons.pdf , page4 used on input line 688.
(pdftex.def)             Requested size: 597.78697pt x 773.60669pt.
 [17

 <./PL7_Ultrasons.pdf>]
<PL7_Ultrasons.pdf, id=432, page=5, 614.295pt x 794.97pt>
File: PL7_Ultrasons.pdf Graphic file (type pdf)
<use PL7_Ultrasons.pdf, page 5>
Package pdftex.def Info: PL7_Ultrasons.pdf , page5 used on input line 688.
(pdftex.def)             Requested size: 597.78697pt x 773.60669pt.
File: PL7_Ultrasons.pdf Graphic file (type pdf)
<use PL7_Ultrasons.pdf, page 5>
Package pdftex.def Info: PL7_Ultrasons.pdf , page5 used on input line 688.
(pdftex.def)             Requested size: 597.78697pt x 773.60669pt.
File: PL7_Ultrasons.pdf Graphic file (type pdf)
<use PL7_Ultrasons.pdf, page 5>
Package pdftex.def Info: PL7_Ultrasons.pdf , page5 used on input line 688.
(pdftex.def)             Requested size: 597.78697pt x 773.60669pt.
 [18

 <./PL7_Ultrasons.pdf>]
<PL7_Ultrasons.pdf, id=444, page=6, 614.295pt x 794.97pt>
File: PL7_Ultrasons.pdf Graphic file (type pdf)
<use PL7_Ultrasons.pdf, page 6>
Package pdftex.def Info: PL7_Ultrasons.pdf , page6 used on input line 688.
(pdftex.def)             Requested size: 597.78697pt x 773.60669pt.
File: PL7_Ultrasons.pdf Graphic file (type pdf)
<use PL7_Ultrasons.pdf, page 6>
Package pdftex.def Info: PL7_Ultrasons.pdf , page6 used on input line 688.
(pdftex.def)             Requested size: 597.78697pt x 773.60669pt.
File: PL7_Ultrasons.pdf Graphic file (type pdf)
<use PL7_Ultrasons.pdf, page 6>
Package pdftex.def Info: PL7_Ultrasons.pdf , page6 used on input line 688.
(pdftex.def)             Requested size: 597.78697pt x 773.60669pt.
 [19

 <./PL7_Ultrasons.pdf>]
<PL7_Ultrasons.pdf, id=450, page=7, 614.295pt x 794.97pt>
File: PL7_Ultrasons.pdf Graphic file (type pdf)
<use PL7_Ultrasons.pdf, page 7>
Package pdftex.def Info: PL7_Ultrasons.pdf , page7 used on input line 688.
(pdftex.def)             Requested size: 597.78697pt x 773.60669pt.
File: PL7_Ultrasons.pdf Graphic file (type pdf)
<use PL7_Ultrasons.pdf, page 7>
Package pdftex.def Info: PL7_Ultrasons.pdf , page7 used on input line 688.
(pdftex.def)             Requested size: 597.78697pt x 773.60669pt.
File: PL7_Ultrasons.pdf Graphic file (type pdf)
<use PL7_Ultrasons.pdf, page 7>
Package pdftex.def Info: PL7_Ultrasons.pdf , page7 used on input line 688.
(pdftex.def)             Requested size: 597.78697pt x 773.60669pt.
 [20

 <./PL7_Ultrasons.pdf>]
<PL7_Ultrasons.pdf, id=455, page=8, 614.295pt x 794.97pt>
File: PL7_Ultrasons.pdf Graphic file (type pdf)
<use PL7_Ultrasons.pdf, page 8>
Package pdftex.def Info: PL7_Ultrasons.pdf , page8 used on input line 688.
(pdftex.def)             Requested size: 597.78697pt x 773.60669pt.
File: PL7_Ultrasons.pdf Graphic file (type pdf)
<use PL7_Ultrasons.pdf, page 8>
Package pdftex.def Info: PL7_Ultrasons.pdf , page8 used on input line 688.
(pdftex.def)             Requested size: 597.78697pt x 773.60669pt.
File: PL7_Ultrasons.pdf Graphic file (type pdf)
<use PL7_Ultrasons.pdf, page 8>
Package pdftex.def Info: PL7_Ultrasons.pdf , page8 used on input line 688.
(pdftex.def)             Requested size: 597.78697pt x 773.60669pt.
 [21

 <./PL7_Ultrasons.pdf>]
<PL7_Ultrasons.pdf, id=460, page=9, 614.295pt x 794.97pt>
File: PL7_Ultrasons.pdf Graphic file (type pdf)
<use PL7_Ultrasons.pdf, page 9>
Package pdftex.def Info: PL7_Ultrasons.pdf , page9 used on input line 688.
(pdftex.def)             Requested size: 597.78697pt x 773.60669pt.
File: PL7_Ultrasons.pdf Graphic file (type pdf)
<use PL7_Ultrasons.pdf, page 9>
Package pdftex.def Info: PL7_Ultrasons.pdf , page9 used on input line 688.
(pdftex.def)             Requested size: 597.78697pt x 773.60669pt.
File: PL7_Ultrasons.pdf Graphic file (type pdf)
<use PL7_Ultrasons.pdf, page 9>
Package pdftex.def Info: PL7_Ultrasons.pdf , page9 used on input line 688.
(pdftex.def)             Requested size: 597.78697pt x 773.60669pt.
 [22

 <./PL7_Ultrasons.pdf>]
<PL7_Ultrasons.pdf, id=467, page=10, 614.295pt x 794.97pt>
File: PL7_Ultrasons.pdf Graphic file (type pdf)
<use PL7_Ultrasons.pdf, page 10>
Package pdftex.def Info: PL7_Ultrasons.pdf , page10 used on input line 688.
(pdftex.def)             Requested size: 597.78697pt x 773.60669pt.
File: PL7_Ultrasons.pdf Graphic file (type pdf)
<use PL7_Ultrasons.pdf, page 10>
Package pdftex.def Info: PL7_Ultrasons.pdf , page10 used on input line 688.
(pdftex.def)             Requested size: 597.78697pt x 773.60669pt.
File: PL7_Ultrasons.pdf Graphic file (type pdf)
<use PL7_Ultrasons.pdf, page 10>
Package pdftex.def Info: PL7_Ultrasons.pdf , page10 used on input line 688.
(pdftex.def)             Requested size: 597.78697pt x 773.60669pt.
 [23

 <./PL7_Ultrasons.pdf>]
<PL7_Ultrasons.pdf, id=474, page=11, 614.295pt x 794.97pt>
File: PL7_Ultrasons.pdf Graphic file (type pdf)
<use PL7_Ultrasons.pdf, page 11>
Package pdftex.def Info: PL7_Ultrasons.pdf , page11 used on input line 688.
(pdftex.def)             Requested size: 597.78697pt x 773.60669pt.
File: PL7_Ultrasons.pdf Graphic file (type pdf)
<use PL7_Ultrasons.pdf, page 11>
Package pdftex.def Info: PL7_Ultrasons.pdf , page11 used on input line 688.
(pdftex.def)             Requested size: 597.78697pt x 773.60669pt.
File: PL7_Ultrasons.pdf Graphic file (type pdf)
<use PL7_Ultrasons.pdf, page 11>
Package pdftex.def Info: PL7_Ultrasons.pdf , page11 used on input line 688.
(pdftex.def)             Requested size: 597.78697pt x 773.60669pt.
 [24

 <./PL7_Ultrasons.pdf>]
<PL7_Ultrasons.pdf, id=479, page=12, 614.295pt x 794.97pt>
File: PL7_Ultrasons.pdf Graphic file (type pdf)
<use PL7_Ultrasons.pdf, page 12>
Package pdftex.def Info: PL7_Ultrasons.pdf , page12 used on input line 688.
(pdftex.def)             Requested size: 597.78697pt x 773.60669pt.
File: PL7_Ultrasons.pdf Graphic file (type pdf)
<use PL7_Ultrasons.pdf, page 12>
Package pdftex.def Info: PL7_Ultrasons.pdf , page12 used on input line 688.
(pdftex.def)             Requested size: 597.78697pt x 773.60669pt.
File: PL7_Ultrasons.pdf Graphic file (type pdf)
<use PL7_Ultrasons.pdf, page 12>
Package pdftex.def Info: PL7_Ultrasons.pdf , page12 used on input line 688.
(pdftex.def)             Requested size: 597.78697pt x 773.60669pt.
 [25

 <./PL7_Ultrasons.pdf>]
<PL7_Ultrasons.pdf, id=485, page=13, 614.295pt x 794.97pt>
File: PL7_Ultrasons.pdf Graphic file (type pdf)
<use PL7_Ultrasons.pdf, page 13>
Package pdftex.def Info: PL7_Ultrasons.pdf , page13 used on input line 688.
(pdftex.def)             Requested size: 597.78697pt x 773.60669pt.
File: PL7_Ultrasons.pdf Graphic file (type pdf)
<use PL7_Ultrasons.pdf, page 13>
Package pdftex.def Info: PL7_Ultrasons.pdf , page13 used on input line 688.
(pdftex.def)             Requested size: 597.78697pt x 773.60669pt.
File: PL7_Ultrasons.pdf Graphic file (type pdf)
<use PL7_Ultrasons.pdf, page 13>
Package pdftex.def Info: PL7_Ultrasons.pdf , page13 used on input line 688.
(pdftex.def)             Requested size: 597.78697pt x 773.60669pt.
 [26

 <./PL7_Ultrasons.pdf>]
<PL7_Ultrasons.pdf, id=492, page=14, 614.295pt x 794.97pt>
File: PL7_Ultrasons.pdf Graphic file (type pdf)
<use PL7_Ultrasons.pdf, page 14>
Package pdftex.def Info: PL7_Ultrasons.pdf , page14 used on input line 688.
(pdftex.def)             Requested size: 597.78697pt x 773.60669pt.
File: PL7_Ultrasons.pdf Graphic file (type pdf)
<use PL7_Ultrasons.pdf, page 14>
Package pdftex.def Info: PL7_Ultrasons.pdf , page14 used on input line 688.
(pdftex.def)             Requested size: 597.78697pt x 773.60669pt.
File: PL7_Ultrasons.pdf Graphic file (type pdf)
<use PL7_Ultrasons.pdf, page 14>
Package pdftex.def Info: PL7_Ultrasons.pdf , page14 used on input line 688.
(pdftex.def)             Requested size: 597.78697pt x 773.60669pt.
 [27

 <./PL7_Ultrasons.pdf>]
<PL7_Ultrasons.pdf, id=499, page=15, 614.295pt x 794.97pt>
File: PL7_Ultrasons.pdf Graphic file (type pdf)
<use PL7_Ultrasons.pdf, page 15>
Package pdftex.def Info: PL7_Ultrasons.pdf , page15 used on input line 688.
(pdftex.def)             Requested size: 597.78697pt x 773.60669pt.
File: PL7_Ultrasons.pdf Graphic file (type pdf)
<use PL7_Ultrasons.pdf, page 15>
Package pdftex.def Info: PL7_Ultrasons.pdf , page15 used on input line 688.
(pdftex.def)             Requested size: 597.78697pt x 773.60669pt.
File: PL7_Ultrasons.pdf Graphic file (type pdf)
<use PL7_Ultrasons.pdf, page 15>
Package pdftex.def Info: PL7_Ultrasons.pdf , page15 used on input line 688.
(pdftex.def)             Requested size: 597.78697pt x 773.60669pt.
 [28

 <./PL7_Ultrasons.pdf>]
<PL7_Ultrasons.pdf, id=506, page=16, 614.295pt x 794.97pt>
File: PL7_Ultrasons.pdf Graphic file (type pdf)
<use PL7_Ultrasons.pdf, page 16>
Package pdftex.def Info: PL7_Ultrasons.pdf , page16 used on input line 688.
(pdftex.def)             Requested size: 597.78697pt x 773.60669pt.
File: PL7_Ultrasons.pdf Graphic file (type pdf)
<use PL7_Ultrasons.pdf, page 16>
Package pdftex.def Info: PL7_Ultrasons.pdf , page16 used on input line 688.
(pdftex.def)             Requested size: 597.78697pt x 773.60669pt.
File: PL7_Ultrasons.pdf Graphic file (type pdf)
<use PL7_Ultrasons.pdf, page 16>
Package pdftex.def Info: PL7_Ultrasons.pdf , page16 used on input line 688.
(pdftex.def)             Requested size: 597.78697pt x 773.60669pt.
 [29

 <./PL7_Ultrasons.pdf>]
<PL7_Ultrasons.pdf, id=513, page=17, 614.295pt x 794.97pt>
File: PL7_Ultrasons.pdf Graphic file (type pdf)
<use PL7_Ultrasons.pdf, page 17>
Package pdftex.def Info: PL7_Ultrasons.pdf , page17 used on input line 688.
(pdftex.def)             Requested size: 597.78697pt x 773.60669pt.
File: PL7_Ultrasons.pdf Graphic file (type pdf)
<use PL7_Ultrasons.pdf, page 17>
Package pdftex.def Info: PL7_Ultrasons.pdf , page17 used on input line 688.
(pdftex.def)             Requested size: 597.78697pt x 773.60669pt.
File: PL7_Ultrasons.pdf Graphic file (type pdf)
<use PL7_Ultrasons.pdf, page 17>
Package pdftex.def Info: PL7_Ultrasons.pdf , page17 used on input line 688.
(pdftex.def)             Requested size: 597.78697pt x 773.60669pt.
 [30

 <./PL7_Ultrasons.pdf>]
<PL7_Ultrasons.pdf, id=520, page=18, 614.295pt x 794.97pt>
File: PL7_Ultrasons.pdf Graphic file (type pdf)
<use PL7_Ultrasons.pdf, page 18>
Package pdftex.def Info: PL7_Ultrasons.pdf , page18 used on input line 688.
(pdftex.def)             Requested size: 597.78697pt x 773.60669pt.
File: PL7_Ultrasons.pdf Graphic file (type pdf)
<use PL7_Ultrasons.pdf, page 18>
Package pdftex.def Info: PL7_Ultrasons.pdf , page18 used on input line 688.
(pdftex.def)             Requested size: 597.78697pt x 773.60669pt.
File: PL7_Ultrasons.pdf Graphic file (type pdf)
<use PL7_Ultrasons.pdf, page 18>
Package pdftex.def Info: PL7_Ultrasons.pdf , page18 used on input line 688.
(pdftex.def)             Requested size: 597.78697pt x 773.60669pt.
 [31

 <./PL7_Ultrasons.pdf>]
<PL7_Ultrasons.pdf, id=528, page=19, 614.295pt x 794.97pt>
File: PL7_Ultrasons.pdf Graphic file (type pdf)
<use PL7_Ultrasons.pdf, page 19>
Package pdftex.def Info: PL7_Ultrasons.pdf , page19 used on input line 688.
(pdftex.def)             Requested size: 597.78697pt x 773.60669pt.
File: PL7_Ultrasons.pdf Graphic file (type pdf)
<use PL7_Ultrasons.pdf, page 19>
Package pdftex.def Info: PL7_Ultrasons.pdf , page19 used on input line 688.
(pdftex.def)             Requested size: 597.78697pt x 773.60669pt.
File: PL7_Ultrasons.pdf Graphic file (type pdf)
<use PL7_Ultrasons.pdf, page 19>
Package pdftex.def Info: PL7_Ultrasons.pdf , page19 used on input line 688.
(pdftex.def)             Requested size: 597.78697pt x 773.60669pt.
 [32

 <./PL7_Ultrasons.pdf>]
<PL7_Ultrasons.pdf, id=533, page=20, 614.295pt x 794.97pt>
File: PL7_Ultrasons.pdf Graphic file (type pdf)
<use PL7_Ultrasons.pdf, page 20>
Package pdftex.def Info: PL7_Ultrasons.pdf , page20 used on input line 688.
(pdftex.def)             Requested size: 597.78697pt x 773.60669pt.
File: PL7_Ultrasons.pdf Graphic file (type pdf)
<use PL7_Ultrasons.pdf, page 20>
Package pdftex.def Info: PL7_Ultrasons.pdf , page20 used on input line 688.
(pdftex.def)             Requested size: 597.78697pt x 773.60669pt.
File: PL7_Ultrasons.pdf Graphic file (type pdf)
<use PL7_Ultrasons.pdf, page 20>
Package pdftex.def Info: PL7_Ultrasons.pdf , page20 used on input line 688.
(pdftex.def)             Requested size: 597.78697pt x 773.60669pt.
 [33

 <./PL7_Ultrasons.pdf>]
<PL7_Ultrasons.pdf, id=540, page=21, 614.295pt x 794.97pt>
File: PL7_Ultrasons.pdf Graphic file (type pdf)
<use PL7_Ultrasons.pdf, page 21>
Package pdftex.def Info: PL7_Ultrasons.pdf , page21 used on input line 688.
(pdftex.def)             Requested size: 597.78697pt x 773.60669pt.
File: PL7_Ultrasons.pdf Graphic file (type pdf)
<use PL7_Ultrasons.pdf, page 21>
Package pdftex.def Info: PL7_Ultrasons.pdf , page21 used on input line 688.
(pdftex.def)             Requested size: 597.78697pt x 773.60669pt.
File: PL7_Ultrasons.pdf Graphic file (type pdf)
<use PL7_Ultrasons.pdf, page 21>
Package pdftex.def Info: PL7_Ultrasons.pdf , page21 used on input line 688.
(pdftex.def)             Requested size: 597.78697pt x 773.60669pt.
 [34

 <./PL7_Ultrasons.pdf>]
<PL7_Ultrasons.pdf, id=547, page=22, 614.295pt x 794.97pt>
File: PL7_Ultrasons.pdf Graphic file (type pdf)
<use PL7_Ultrasons.pdf, page 22>
Package pdftex.def Info: PL7_Ultrasons.pdf , page22 used on input line 688.
(pdftex.def)             Requested size: 597.78697pt x 773.60669pt.
File: PL7_Ultrasons.pdf Graphic file (type pdf)
<use PL7_Ultrasons.pdf, page 22>
Package pdftex.def Info: PL7_Ultrasons.pdf , page22 used on input line 688.
(pdftex.def)             Requested size: 597.78697pt x 773.60669pt.
File: PL7_Ultrasons.pdf Graphic file (type pdf)
<use PL7_Ultrasons.pdf, page 22>
Package pdftex.def Info: PL7_Ultrasons.pdf , page22 used on input line 688.
(pdftex.def)             Requested size: 597.78697pt x 773.60669pt.
 [35

 <./PL7_Ultrasons.pdf>]
<PL7_Ultrasons.pdf, id=554, page=23, 614.295pt x 794.97pt>
File: PL7_Ultrasons.pdf Graphic file (type pdf)
<use PL7_Ultrasons.pdf, page 23>
Package pdftex.def Info: PL7_Ultrasons.pdf , page23 used on input line 688.
(pdftex.def)             Requested size: 597.78697pt x 773.60669pt.
File: PL7_Ultrasons.pdf Graphic file (type pdf)
<use PL7_Ultrasons.pdf, page 23>
Package pdftex.def Info: PL7_Ultrasons.pdf , page23 used on input line 688.
(pdftex.def)             Requested size: 597.78697pt x 773.60669pt.
File: PL7_Ultrasons.pdf Graphic file (type pdf)
<use PL7_Ultrasons.pdf, page 23>
Package pdftex.def Info: PL7_Ultrasons.pdf , page23 used on input line 688.
(pdftex.def)             Requested size: 597.78697pt x 773.60669pt.
 [36

 <./PL7_Ultrasons.pdf>]
<PL7_Ultrasons.pdf, id=561, page=24, 614.295pt x 794.97pt>
File: PL7_Ultrasons.pdf Graphic file (type pdf)
<use PL7_Ultrasons.pdf, page 24>
Package pdftex.def Info: PL7_Ultrasons.pdf , page24 used on input line 688.
(pdftex.def)             Requested size: 597.78697pt x 773.60669pt.
File: PL7_Ultrasons.pdf Graphic file (type pdf)
<use PL7_Ultrasons.pdf, page 24>
Package pdftex.def Info: PL7_Ultrasons.pdf , page24 used on input line 688.
(pdftex.def)             Requested size: 597.78697pt x 773.60669pt.
File: PL7_Ultrasons.pdf Graphic file (type pdf)
<use PL7_Ultrasons.pdf, page 24>
Package pdftex.def Info: PL7_Ultrasons.pdf , page24 used on input line 688.
(pdftex.def)             Requested size: 597.78697pt x 773.60669pt.
 [37

 <./PL7_Ultrasons.pdf>]
<PL7_Ultrasons.pdf, id=569, page=25, 614.295pt x 794.97pt>
File: PL7_Ultrasons.pdf Graphic file (type pdf)
<use PL7_Ultrasons.pdf, page 25>
Package pdftex.def Info: PL7_Ultrasons.pdf , page25 used on input line 688.
(pdftex.def)             Requested size: 597.78697pt x 773.60669pt.
File: PL7_Ultrasons.pdf Graphic file (type pdf)
<use PL7_Ultrasons.pdf, page 25>
Package pdftex.def Info: PL7_Ultrasons.pdf , page25 used on input line 688.
(pdftex.def)             Requested size: 597.78697pt x 773.60669pt.
File: PL7_Ultrasons.pdf Graphic file (type pdf)
<use PL7_Ultrasons.pdf, page 25>
Package pdftex.def Info: PL7_Ultrasons.pdf , page25 used on input line 688.
(pdftex.def)             Requested size: 597.78697pt x 773.60669pt.
 [38

 <./PL7_Ultrasons.pdf>]
<PL7_Ultrasons.pdf, id=576, page=26, 614.295pt x 794.97pt>
File: PL7_Ultrasons.pdf Graphic file (type pdf)
<use PL7_Ultrasons.pdf, page 26>
Package pdftex.def Info: PL7_Ultrasons.pdf , page26 used on input line 688.
(pdftex.def)             Requested size: 597.78697pt x 773.60669pt.
File: PL7_Ultrasons.pdf Graphic file (type pdf)
<use PL7_Ultrasons.pdf, page 26>
Package pdftex.def Info: PL7_Ultrasons.pdf , page26 used on input line 688.
(pdftex.def)             Requested size: 597.78697pt x 773.60669pt.
File: PL7_Ultrasons.pdf Graphic file (type pdf)
<use PL7_Ultrasons.pdf, page 26>
Package pdftex.def Info: PL7_Ultrasons.pdf , page26 used on input line 688.
(pdftex.def)             Requested size: 597.78697pt x 773.60669pt.
 [39

 <./PL7_Ultrasons.pdf>]
<PL7_Ultrasons.pdf, id=581, page=27, 614.295pt x 794.97pt>
File: PL7_Ultrasons.pdf Graphic file (type pdf)
<use PL7_Ultrasons.pdf, page 27>
Package pdftex.def Info: PL7_Ultrasons.pdf , page27 used on input line 688.
(pdftex.def)             Requested size: 597.78697pt x 773.60669pt.
File: PL7_Ultrasons.pdf Graphic file (type pdf)
<use PL7_Ultrasons.pdf, page 27>
Package pdftex.def Info: PL7_Ultrasons.pdf , page27 used on input line 688.
(pdftex.def)             Requested size: 597.78697pt x 773.60669pt.
File: PL7_Ultrasons.pdf Graphic file (type pdf)
<use PL7_Ultrasons.pdf, page 27>
Package pdftex.def Info: PL7_Ultrasons.pdf , page27 used on input line 688.
(pdftex.def)             Requested size: 597.78697pt x 773.60669pt.
 [40

 <./PL7_Ultrasons.pdf>]
<PL7_Ultrasons.pdf, id=588, page=28, 614.295pt x 794.97pt>
File: PL7_Ultrasons.pdf Graphic file (type pdf)
<use PL7_Ultrasons.pdf, page 28>
Package pdftex.def Info: PL7_Ultrasons.pdf , page28 used on input line 688.
(pdftex.def)             Requested size: 597.78697pt x 773.60669pt.
File: PL7_Ultrasons.pdf Graphic file (type pdf)
<use PL7_Ultrasons.pdf, page 28>
Package pdftex.def Info: PL7_Ultrasons.pdf , page28 used on input line 688.
(pdftex.def)             Requested size: 597.78697pt x 773.60669pt.
File: PL7_Ultrasons.pdf Graphic file (type pdf)
<use PL7_Ultrasons.pdf, page 28>
Package pdftex.def Info: PL7_Ultrasons.pdf , page28 used on input line 688.
(pdftex.def)             Requested size: 597.78697pt x 773.60669pt.

[41

 <./PL7_Ultrasons.pdf>] (segundaChagaDeCristo.aux)
 ***********
LaTeX2e <2023-06-01> patch level 1
L3 programming layer <2023-08-29>
 ***********
Package rerunfilecheck Info: File `segundaChagaDeCristo.out' has not changed.
(rerunfilecheck)             Checksum: 02B6EE80E194051B1E050BD821CE49D7;3474.
 ) 
Here is how much of TeX's memory you used:
 18262 strings out of 475247
 350448 string characters out of 5755432
 1948785 words of memory out of 5000000
 39449 multiletter control sequences out of 15000+600000
 567152 words of font info for 67 fonts, out of 8000000 for 9000
 1141 hyphenation exceptions out of 8191
 75i,17n,80p,1150b,1050s stack positions out of 10000i,1000n,20000p,200000b,200000s
 <C:\Users\Utilizador\AppData\Local\MiKTeX\fonts/pk/ljfour/jknappen/ec/dpi600
\tcrm1000.pk><C:/Users/Utilizador/AppData/Local/Programs/MiKTeX/fonts/type1/pub
lic/amsfonts/cm/cmbx10.pfb><C:/Users/Utilizador/AppData/Local/Programs/MiKTeX/f
onts/type1/public/amsfonts/cm/cmbx12.pfb><C:/Users/Utilizador/AppData/Local/Pro
grams/MiKTeX/fonts/type1/public/amsfonts/cm/cmbx8.pfb><C:/Users/Utilizador/AppD
ata/Local/Programs/MiKTeX/fonts/type1/public/amsfonts/cm/cmbxti10.pfb><C:/Users
/Utilizador/AppData/Local/Programs/MiKTeX/fonts/type1/public/amsfonts/cm/cmex10
.pfb><C:/Users/Utilizador/AppData/Local/Programs/MiKTeX/fonts/type1/public/amsf
onts/cm/cmmi10.pfb><C:/Users/Utilizador/AppData/Local/Programs/MiKTeX/fonts/typ
e1/public/amsfonts/cm/cmmi12.pfb><C:/Users/Utilizador/AppData/Local/Programs/Mi
KTeX/fonts/type1/public/amsfonts/cm/cmmi7.pfb><C:/Users/Utilizador/AppData/Loca
l/Programs/MiKTeX/fonts/type1/public/amsfonts/cm/cmr10.pfb><C:/Users/Utilizador
/AppData/Local/Programs/MiKTeX/fonts/type1/public/amsfonts/cm/cmr12.pfb><C:/Use
rs/Utilizador/AppData/Local/Programs/MiKTeX/fonts/type1/public/amsfonts/cm/cmr1
7.pfb><C:/Users/Utilizador/AppData/Local/Programs/MiKTeX/fonts/type1/public/ams
fonts/cm/cmr5.pfb><C:/Users/Utilizador/AppData/Local/Programs/MiKTeX/fonts/type
1/public/amsfonts/cm/cmr6.pfb><C:/Users/Utilizador/AppData/Local/Programs/MiKTe
X/fonts/type1/public/amsfonts/cm/cmr7.pfb><C:/Users/Utilizador/AppData/Local/Pr
ograms/MiKTeX/fonts/type1/public/amsfonts/cm/cmr8.pfb><C:/Users/Utilizador/AppD
ata/Local/Programs/MiKTeX/fonts/type1/public/amsfonts/cm/cmsy10.pfb><C:/Users/U
tilizador/AppData/Local/Programs/MiKTeX/fonts/type1/public/amsfonts/cm/cmsy7.pf
b><C:/Users/Utilizador/AppData/Local/Programs/MiKTeX/fonts/type1/public/amsfont
s/cm/cmsy8.pfb><C:/Users/Utilizador/AppData/Local/Programs/MiKTeX/fonts/type1/p
ublic/amsfonts/cm/cmti10.pfb><C:/Users/Utilizador/AppData/Local/Programs/MiKTeX
/fonts/type1/public/amsfonts/cm/cmtt10.pfb><C:/Users/Utilizador/AppData/Local/P
rograms/MiKTeX/fonts/type1/public/amsfonts/cm/cmtt8.pfb>
Output written on segundaChagaDeCristo.pdf (41 pages, 3019617 bytes).
PDF statistics:
 717 PDF objects out of 1000 (max. 8388607)
 129 named destinations out of 1000 (max. 500000)
 432 words of extra memory for PDF output out of 10000 (max. 10000000)

